[main] INFO  My Test   - Enter Url
[main] INFO  My Test   - Enter Username
[main] INFO  My Test   - Enter password
[main] INFO  My Test   - sucsessfully Logedin
[main] INFO  My Test   - Enter Url
[main] INFO  My Test   - Enter Username
[main] INFO  My Test   - Enter password
[main] INFO  My Test   - sucsessfully Logedin
[main] INFO  My Test   - Enter Url
[main] INFO  My Test   - Enter Username
[main] INFO  My Test   - Enter password
[main] INFO  My Test   - sucsessfully Logedin
[main] INFO  My Test   - Enter Url
[main] INFO  My Test   - Enter Username
[main] INFO  My Test   - Enter password
[main] INFO  My Test   - sucsessfully Logedin
[main] INFO  My Test   - Enter Url
[main] INFO  My Test   - Enter Username
[main] INFO  My Test   - Enter password
[main] INFO  My Test   - sucsessfully Logedin
[main] INFO  My Test   - Enter Url
[main] INFO  My Test   - Enter Username
[main] INFO  My Test   - Enter password
[main] INFO  My Test   - sucsessfully Logedin
[main] INFO  My Test   - Enter Url
[main] INFO  My Test   - Enter Username
[main] INFO  My Test   - Enter password
[main] INFO  My Test   - sucsessfully Logedin
[main] INFO  My Test   - Enter Url
[main] INFO  My Test   - Enter Username
[main] INFO  My Test   - Enter password
[main] INFO  My Test   - sucsessfully Logedin
[main] INFO  My Test   - Enter Url
[main] INFO  My Test   - Enter Username
[main] INFO  My Test   - Enter password
[main] INFO  My Test   - sucsessfully Logedin
[main] INFO  My Test   - Enter Url
[main] INFO  My Test   - Enter Username
[main] INFO  My Test   - Enter password
[main] INFO  My Test   - sucsessfully Logedin
[main] INFO  My Test   - Enter Url
[main] INFO  My Test   - Enter Username
[main] INFO  My Test   - Enter password
[main] INFO  My Test   - sucsessfully Logedin
[main] INFO  My Test   - Enter Url
[main] INFO  My Test   - Enter Url
[main] INFO  My Test   - Enter Url
[main] INFO  My Test   - Enter Url
[main] INFO  My Test   - Enter Url
[main] INFO  My Test   - Enter Url
[main] INFO  My Test   - Enter Username
[main] INFO  My Test   - Enter password
[main] INFO  My Test   - sucsessfully Logedin
[main] INFO  My Test   - Enter Url
[main] INFO  My Test   - Enter Url
[main] INFO  My Test   - Enter Username
[main] INFO  My Test   - Enter password
[main] INFO  My Test   - sucsessfully Logedin
[main] INFO  My Test   - Enter Url
[main] INFO  My Test   - Enter Url
[main] INFO  My Test   - Enter Url
[main] INFO  My Test   - Enter Username
[main] INFO  My Test   - Enter password
[main] INFO  My Test   - sucsessfully Logedin
[main] INFO  My Test   - Enter Url
[main] INFO  My Test   - Enter Url
[main] INFO  My Test   - Enter Username
[main] INFO  My Test   - Enter password
[main] INFO  My Test   - sucsessfully Logedin
[main] INFO  My Test   - Enter Url
[main] INFO  My Test   - Enter Username
[main] INFO  My Test   - Enter password
[main] INFO  My Test   - sucsessfully Logedin
[main] INFO  My Test   - Enter Url
[main] INFO  My Test   - Enter Url
[main] INFO  My Test   - Enter Username
[main] INFO  My Test   - Enter password
[main] INFO  My Test   - sucsessfully Logedin
[TestNG-test=My Test-1] INFO  My Test   - Enter Url
[TestNG-test=My Test-1] INFO  My Test   - Enter Username
[TestNG-test=My Test-1] INFO  My Test   - Enter password
[TestNG-test=My Test-1] INFO  My Test   - sucsessfully Logedin
[TestNG-test=My Test-1] INFO  My Test   - Enter Url
[TestNG-test=My Test-1] INFO  My Test   - Enter Username
[TestNG-test=My Test-1] INFO  My Test   - Enter password
[TestNG-test=My Test-1] INFO  My Test   - sucsessfully Logedin
[TestNG-test=My Test-1] INFO  My Test   - Enter Url
[TestNG-test=My Test-1] INFO  My Test   - Enter Username
[TestNG-test=My Test-1] INFO  My Test   - Enter password
[TestNG-test=My Test-1] INFO  My Test   - sucsessfully Logedin
[TestNG-test=My Test-1] INFO  My Test   - Enter Url
[TestNG-test=My Test-1] INFO  My Test   - Enter Username
[TestNG-test=My Test-1] INFO  My Test   - Enter password
[TestNG-test=My Test-1] INFO  My Test   - sucsessfully Logedin
[TestNG-test=My Test-1] INFO  My Test   - Enter Url
[TestNG-test=My Test-1] INFO  My Test   - Enter Username
[TestNG-test=My Test-1] INFO  My Test   - Enter password
[TestNG-test=My Test-1] INFO  My Test   - sucsessfully Logedin
[TestNG-test=My Test-1] INFO  My Test   - Enter Url
[TestNG-test=My Test-1] INFO  My Test   - Enter Url
[TestNG-test=My Test-1] INFO  My Test   - Enter Username
[TestNG-test=My Test-1] INFO  My Test   - Enter password
[TestNG-test=My Test-1] INFO  My Test   - sucsessfully Logedin
[TestNG-test=My Test-1] INFO  My Test   - Enter Url
[TestNG-test=My Test-1] INFO  My Test   - Enter Url
[TestNG-test=My Test-1] INFO  My Test   - Enter Username
[TestNG-test=My Test-1] INFO  My Test   - Enter password
[TestNG-test=My Test-1] INFO  My Test   - sucsessfully Logedin
[TestNG-test=My Test-1] INFO  My Test   - Enter Url
[TestNG-test=My Test-1] INFO  My Test   - Enter Url
[TestNG-test=My Test-1] INFO  My Test   - Enter Username
[TestNG-test=My Test-1] INFO  My Test   - Enter password
[TestNG-test=My Test-1] INFO  My Test   - sucsessfully Logedin
[TestNG-test=My Test-1] INFO  My Test   - Enter Url
[TestNG-test=My Test-1] INFO  My Test   - Enter Url
[TestNG-test=My Test-1] INFO  My Test   - Enter Username
[TestNG-test=My Test-1] INFO  My Test   - Enter password
[TestNG-test=My Test-1] INFO  My Test   - sucsessfully Logedin
[TestNG-test=My Test-1] INFO  My Test   - Enter Url
[TestNG-test=My Test-1] INFO  My Test   - Enter Url
[TestNG-test=My Test-1] INFO  My Test   - Enter Username
[TestNG-test=My Test-1] INFO  My Test   - Enter password
[TestNG-test=My Test-1] INFO  My Test   - sucsessfully Logedin
[TestNG-test=My Test-1] INFO  My Test   - Enter Url
[TestNG-test=My Test-1] INFO  My Test   - Enter Username
[TestNG-test=My Test-1] INFO  My Test   - Enter password
[TestNG-test=My Test-1] INFO  My Test   - sucsessfully Logedin
[TestNG-test=My Test-1] INFO  My Test   - Enter Url
[TestNG-test=My Test-1] INFO  My Test   - Enter Username
[TestNG-test=My Test-1] INFO  My Test   - Enter password
[TestNG-test=My Test-1] INFO  My Test   - sucsessfully Logedin
[TestNG-test=My Test-1] INFO  My Test   - Enter Url
[TestNG-test=My Test-1] INFO  My Test   - Enter Username
[TestNG-test=My Test-1] INFO  My Test   - Enter password
[TestNG-test=My Test-1] INFO  My Test   - sucsessfully Logedin
[main] INFO  My Test   - Enter Url
[main] INFO  My Test   - Enter Username
[main] INFO  My Test   - Enter password
[main] INFO  My Test   - sucsessfully Logedin
[main] INFO  My Test   - Enter Url
[main] INFO  My Test   - Enter Username
[main] INFO  My Test   - Enter password
[main] INFO  My Test   - sucsessfully Logedin
[main] INFO  My Test   - Enter Url
[main] INFO  My Test   - Enter Username
[main] INFO  My Test   - Enter password
[main] INFO  My Test   - sucsessfully Logedin
[main] INFO  My Test   - Enter Url
[main] INFO  My Test   - Enter Username
[main] INFO  My Test   - Enter password
[main] INFO  My Test   - sucsessfully Logedin
[main] INFO  My Test   - Enter Url
[main] INFO  My Test   - Enter Username
[main] INFO  My Test   - Enter password
[main] INFO  My Test   - sucsessfully Logedin
[main] INFO  My Test   - Enter Url
[main] INFO  My Test   - Enter Username
[main] INFO  My Test   - Enter password
[main] INFO  My Test   - sucsessfully Logedin
[main] INFO  My Test   - Enter Url
[main] INFO  My Test   - Enter Url
[main] INFO  My Test   - Enter Url
[main] INFO  My Test   - Enter Username
[main] INFO  My Test   - Enter password
[main] INFO  My Test   - sucsessfully Logedin
[TestNG-test=My Test-1] INFO  My Test   - Enter Url
[TestNG-test=My Test-1] INFO  My Test   - Enter Username
[TestNG-test=My Test-1] INFO  My Test   - Enter password
[TestNG-test=My Test-1] INFO  My Test   - sucsessfully Logedin
[TestNG-test=My Test-1] INFO  My Test   - Enter Url
[TestNG-test=My Test-1] INFO  My Test   - Enter Url
[TestNG-test=My Test-1] INFO  My Test   - Enter Url
[TestNG-test=My Test-1] INFO  My Test   - Enter Username
[TestNG-test=My Test-1] INFO  My Test   - Enter password
[TestNG-test=My Test-1] INFO  My Test   - sucsessfully Logedin
[TestNG-test=My Test-1] INFO  My Test   - Enter Url
[TestNG-test=My Test-1] INFO  My Test   - Enter Username
[TestNG-test=My Test-1] INFO  My Test   - Enter password
[TestNG-test=My Test-1] INFO  My Test   - sucsessfully Logedin
[TestNG-test=My Test-1] INFO  My Test   - Enter Url
[TestNG-test=My Test-1] INFO  My Test   - Enter Username
[TestNG-test=My Test-1] INFO  My Test   - Enter password
[TestNG-test=My Test-1] INFO  My Test   - sucsessfully Logedin
[TestNG-test=My Test-1] INFO  My Test   - Enter Url
[TestNG-test=My Test-1] INFO  My Test   - Enter Username
[TestNG-test=My Test-1] INFO  My Test   - Enter password
[TestNG-test=My Test-1] INFO  My Test   - sucsessfully Logedin
[TestNG-test=My Test-1] INFO  My Test   - Enter Url
[TestNG-test=My Test-1] INFO  My Test   - Enter Username
[TestNG-test=My Test-1] INFO  My Test   - Enter password
[TestNG-test=My Test-1] INFO  My Test   - sucsessfully Logedin
[TestNG-test=My Test-1] INFO  My Test   - Enter Url
[TestNG-test=My Test-1] INFO  My Test   - Enter Username
[TestNG-test=My Test-1] INFO  My Test   - Enter password
[TestNG-test=My Test-1] INFO  My Test   - sucsessfully Logedin
[TestNG-test=My Test-1] INFO  My Test   - Enter Url
[TestNG-test=My Test-1] INFO  My Test   - Enter Username
[TestNG-test=My Test-1] INFO  My Test   - Enter password
[TestNG-test=My Test-1] INFO  My Test   - sucsessfully Logedin
[TestNG-test=My Test-1] INFO  My Test   - Enter Url
[TestNG-test=My Test-1] INFO  My Test   - Enter Username
[TestNG-test=My Test-1] INFO  My Test   - Enter password
[TestNG-test=My Test-1] INFO  My Test   - sucsessfully Logedin
[TestNG-test=My Test-1] INFO  My Test   - Enter Url
[TestNG-test=My Test-1] INFO  My Test   - Enter Username
[TestNG-test=My Test-1] INFO  My Test   - Enter password
[TestNG-test=My Test-1] INFO  My Test   - sucsessfully Logedin
[TestNG-test=My Test-1] INFO  My Test   - Enter Url
[TestNG-test=My Test-1] INFO  My Test   - Enter Username
[TestNG-test=My Test-1] INFO  My Test   - Enter password
[TestNG-test=My Test-1] INFO  My Test   - sucsessfully Logedin
[TestNG-test=My Test-1] INFO  My Test   - Enter Url
[TestNG-test=My Test-1] INFO  My Test   - Enter Username
[TestNG-test=My Test-1] INFO  My Test   - Enter password
[TestNG-test=My Test-1] INFO  My Test   - sucsessfully Logedin
[TestNG-test=My Test-1] INFO  My Test   - Enter Url
[TestNG-test=My Test-1] INFO  My Test   - Enter Username
[TestNG-test=My Test-1] INFO  My Test   - Enter password
[TestNG-test=My Test-1] INFO  My Test   - sucsessfully Logedin
[TestNG-test=My Test-1] INFO  My Test   - Enter Url
[TestNG-test=My Test-1] INFO  My Test   - Enter Username
[TestNG-test=My Test-1] INFO  My Test   - Enter password
[TestNG-test=My Test-1] INFO  My Test   - sucsessfully Logedin
[pool-1-thread-1] INFO  My Test   - Enter Url
[pool-1-thread-1] INFO  My Test   - Enter Username
[pool-1-thread-1] INFO  My Test   - Enter password
[pool-1-thread-1] INFO  My Test   - sucsessfully Logedin
[pool-1-thread-1] INFO  My Test   - Enter Url
[pool-1-thread-1] INFO  My Test   - Enter Username
[pool-1-thread-1] INFO  My Test   - Enter password
[pool-1-thread-1] INFO  My Test   - sucsessfully Logedin
[pool-1-thread-1] INFO  My Test   - Enter Url
[pool-1-thread-1] INFO  My Test   - Enter Username
[pool-1-thread-1] INFO  My Test   - Enter password
[pool-1-thread-1] INFO  My Test   - sucsessfully Logedin
[pool-1-thread-1] INFO  My Test   - Enter Url
[pool-1-thread-1] INFO  My Test   - Enter Username
[pool-1-thread-1] INFO  My Test   - Enter password
[pool-1-thread-1] INFO  My Test   - sucsessfully Logedin
[pool-1-thread-1] INFO  My Test   - Enter Url
[pool-1-thread-1] INFO  My Test   - Enter Username
[pool-1-thread-1] INFO  My Test   - Enter password
[pool-1-thread-1] INFO  My Test   - sucsessfully Logedin
[pool-1-thread-1] INFO  My Test   - Enter Url
[pool-1-thread-1] INFO  My Test   - Enter Url
[pool-1-thread-1] INFO  My Test   - Enter Username
[pool-1-thread-1] INFO  My Test   - Enter password
[pool-1-thread-1] INFO  My Test   - sucsessfully Logedin
[pool-1-thread-1] INFO  My Test   - Enter Url
[pool-1-thread-1] INFO  My Test   - Enter Username
[pool-1-thread-1] INFO  My Test   - Enter password
[pool-1-thread-1] INFO  My Test   - sucsessfully Logedin
[pool-1-thread-1] INFO  My Test   - Enter Url
[pool-1-thread-1] INFO  My Test   - Enter Username
[pool-1-thread-1] INFO  My Test   - Enter password
[pool-1-thread-1] INFO  My Test   - sucsessfully Logedin
[pool-1-thread-1] INFO  My Test   - Enter Url
[pool-1-thread-1] INFO  My Test   - Enter Username
[pool-1-thread-1] INFO  My Test   - Enter password
[pool-1-thread-1] INFO  My Test   - sucsessfully Logedin
[pool-1-thread-1] INFO  My Test   - Enter Url
[pool-1-thread-1] INFO  My Test   - Enter Username
[pool-1-thread-1] INFO  My Test   - Enter password
[pool-1-thread-1] INFO  My Test   - sucsessfully Logedin
